[0.158s] DEBUG:colcon:Command line arguments: ['/usr/bin/colcon', 'build', '--packages-select', 'jan_h49_rand_avg', '--symlink-install']
[0.158s] DEBUG:colcon:Parsed command line arguments: Namespace(log_base=None, log_level=None, verb_name='build', build_base='build', install_base='install', merge_install=False, symlink_install=True, test_result_base=None, continue_on_error=False, executor='parallel', parallel_workers=8, event_handlers=None, ignore_user_meta=False, metas=['./colcon.meta'], base_paths=['.'], packages_ignore=None, packages_ignore_regex=None, paths=None, packages_up_to=None, packages_up_to_regex=None, packages_above=None, packages_above_and_dependencies=None, packages_above_depth=None, packages_select_by_dep=None, packages_skip_by_dep=None, packages_skip_up_to=None, packages_select_build_failed=False, packages_skip_build_finished=False, packages_select_test_failures=False, packages_skip_test_passed=False, packages_select=['jan_h49_rand_avg'], packages_skip=None, packages_select_regex=None, packages_skip_regex=None, packages_start=None, packages_end=None, allow_overriding=[], cmake_args=None, cmake_target=None, cmake_target_skip_unavailable=False, cmake_clean_cache=False, cmake_clean_first=False, cmake_force_configure=False, ament_cmake_args=None, catkin_cmake_args=None, catkin_skip_building_tests=False, mixin_files=None, mixin=None, verb_parser=<colcon_mixin.mixin.mixin_argument.MixinArgumentDecorator object at 0x7f40a96fd120>, verb_extension=<colcon_core.verb.build.BuildVerb object at 0x7f40a9821810>, main=<bound method BuildVerb.main of <colcon_core.verb.build.BuildVerb object at 0x7f40a9821810>>, mixin_verb=('build',))
[0.397s] Level 1:colcon.colcon_core.package_discovery:discover_packages(colcon_meta) check parameters
[0.397s] Level 1:colcon.colcon_core.package_discovery:discover_packages(recursive) check parameters
[0.397s] Level 1:colcon.colcon_core.package_discovery:discover_packages(ignore) check parameters
[0.397s] Level 1:colcon.colcon_core.package_discovery:discover_packages(path) check parameters
[0.397s] Level 1:colcon.colcon_core.package_discovery:discover_packages(colcon_meta) discover
[0.397s] Level 1:colcon.colcon_core.package_discovery:discover_packages(recursive) discover
[0.397s] INFO:colcon.colcon_core.package_discovery:Crawling recursively for packages in '/home/barna/ros2_ws/src/jan_h49_rand_avg'
[0.397s] Level 1:colcon.colcon_core.package_identification:_identify(.) by extensions ['ignore', 'ignore_ament_install']
[0.397s] Level 1:colcon.colcon_core.package_identification:_identify(.) by extension 'ignore'
[0.397s] Level 1:colcon.colcon_core.package_identification:_identify(.) by extension 'ignore_ament_install'
[0.397s] Level 1:colcon.colcon_core.package_identification:_identify(.) by extensions ['colcon_pkg']
[0.397s] Level 1:colcon.colcon_core.package_identification:_identify(.) by extension 'colcon_pkg'
[0.398s] Level 1:colcon.colcon_core.package_identification:_identify(.) by extensions ['colcon_meta']
[0.398s] Level 1:colcon.colcon_core.package_identification:_identify(.) by extension 'colcon_meta'
[0.398s] Level 1:colcon.colcon_core.package_identification:_identify(.) by extensions ['ros']
[0.398s] Level 1:colcon.colcon_core.package_identification:_identify(.) by extension 'ros'
[0.414s] DEBUG:colcon.colcon_core.package_identification:Package '.' with type 'ros.ament_python' and name 'jan_h49_rand_avg'
[0.414s] Level 1:colcon.colcon_core.package_discovery:discover_packages(recursive) using defaults
[0.414s] Level 1:colcon.colcon_core.package_discovery:discover_packages(ignore) discover
[0.414s] Level 1:colcon.colcon_core.package_discovery:discover_packages(ignore) using defaults
[0.414s] Level 1:colcon.colcon_core.package_discovery:discover_packages(path) discover
[0.414s] Level 1:colcon.colcon_core.package_discovery:discover_packages(path) using defaults
[0.435s] Level 1:colcon.colcon_core.package_discovery:discover_packages(prefix_path) check parameters
[0.435s] Level 1:colcon.colcon_core.package_discovery:discover_packages(prefix_path) discover
[0.440s] DEBUG:colcon.colcon_installed_package_information.package_discovery:Found 290 installed packages in /opt/ros/humble
[0.441s] Level 1:colcon.colcon_core.package_discovery:discover_packages(prefix_path) using defaults
[0.502s] Level 5:colcon.colcon_core.verb:set package 'jan_h49_rand_avg' build argument 'cmake_args' from command line to 'None'
[0.502s] Level 5:colcon.colcon_core.verb:set package 'jan_h49_rand_avg' build argument 'cmake_target' from command line to 'None'
[0.502s] Level 5:colcon.colcon_core.verb:set package 'jan_h49_rand_avg' build argument 'cmake_target_skip_unavailable' from command line to 'False'
[0.502s] Level 5:colcon.colcon_core.verb:set package 'jan_h49_rand_avg' build argument 'cmake_clean_cache' from command line to 'False'
[0.502s] Level 5:colcon.colcon_core.verb:set package 'jan_h49_rand_avg' build argument 'cmake_clean_first' from command line to 'False'
[0.502s] Level 5:colcon.colcon_core.verb:set package 'jan_h49_rand_avg' build argument 'cmake_force_configure' from command line to 'False'
[0.502s] Level 5:colcon.colcon_core.verb:set package 'jan_h49_rand_avg' build argument 'ament_cmake_args' from command line to 'None'
[0.502s] Level 5:colcon.colcon_core.verb:set package 'jan_h49_rand_avg' build argument 'catkin_cmake_args' from command line to 'None'
[0.502s] Level 5:colcon.colcon_core.verb:set package 'jan_h49_rand_avg' build argument 'catkin_skip_building_tests' from command line to 'False'
[0.502s] DEBUG:colcon.colcon_core.verb:Building package 'jan_h49_rand_avg' with the following arguments: {'ament_cmake_args': None, 'build_base': '/home/barna/ros2_ws/src/jan_h49_rand_avg/build/jan_h49_rand_avg', 'catkin_cmake_args': None, 'catkin_skip_building_tests': False, 'cmake_args': None, 'cmake_clean_cache': False, 'cmake_clean_first': False, 'cmake_force_configure': False, 'cmake_target': None, 'cmake_target_skip_unavailable': False, 'install_base': '/home/barna/ros2_ws/src/jan_h49_rand_avg/install/jan_h49_rand_avg', 'merge_install': False, 'path': '/home/barna/ros2_ws/src/jan_h49_rand_avg', 'symlink_install': True, 'test_result_base': None}
[0.502s] INFO:colcon.colcon_core.executor:Executing jobs using 'parallel' executor
[0.503s] DEBUG:colcon.colcon_parallel_executor.executor.parallel:run_until_complete
[0.504s] INFO:colcon.colcon_ros.task.ament_python.build:Building ROS package in '/home/barna/ros2_ws/src/jan_h49_rand_avg' with build type 'ament_python'
[0.504s] Level 1:colcon.colcon_core.shell:create_environment_hook('jan_h49_rand_avg', 'ament_prefix_path')
[0.508s] INFO:colcon.colcon_core.plugin_system:Skipping extension 'colcon_core.shell.bat': Not used on non-Windows systems
[0.508s] INFO:colcon.colcon_core.shell:Creating environment hook '/home/barna/ros2_ws/src/jan_h49_rand_avg/install/jan_h49_rand_avg/share/jan_h49_rand_avg/hook/ament_prefix_path.ps1'
[0.510s] INFO:colcon.colcon_core.shell:Creating environment descriptor '/home/barna/ros2_ws/src/jan_h49_rand_avg/install/jan_h49_rand_avg/share/jan_h49_rand_avg/hook/ament_prefix_path.dsv'
[0.511s] INFO:colcon.colcon_core.shell:Creating environment hook '/home/barna/ros2_ws/src/jan_h49_rand_avg/install/jan_h49_rand_avg/share/jan_h49_rand_avg/hook/ament_prefix_path.sh'
[0.512s] INFO:colcon.colcon_core.shell:Skip shell extension 'powershell' for command environment: Not usable outside of PowerShell
[0.512s] DEBUG:colcon.colcon_core.shell:Skip shell extension 'dsv' for command environment
[0.866s] INFO:colcon.colcon_core.task.python.build:Building Python package in '/home/barna/ros2_ws/src/jan_h49_rand_avg'
[0.866s] INFO:colcon.colcon_core.shell:Skip shell extension 'powershell' for command environment: Not usable outside of PowerShell
[0.866s] DEBUG:colcon.colcon_core.shell:Skip shell extension 'dsv' for command environment
[1.346s] DEBUG:colcon.colcon_core.event_handler.log_command:Invoking command in '/home/barna/ros2_ws/src/jan_h49_rand_avg/build/jan_h49_rand_avg': PYTHONPATH=/home/barna/ros2_ws/src/jan_h49_rand_avg/build/jan_h49_rand_avg/prefix_override:/usr/lib/python3/dist-packages/colcon_core/task/python/colcon_distutils_commands:/home/barna/ros2_ws/src/jan_h49_rand_avg/install/jan_h49_rand_avg/lib/python3.10/site-packages:${PYTHONPATH} WSLENV=ELECTRON_RUN_AS_NODE/w: /usr/bin/python3 -W ignore:setup.py install is deprecated setup.py develop --editable --build-directory /home/barna/ros2_ws/src/jan_h49_rand_avg/build/jan_h49_rand_avg/build --no-deps symlink_data
[1.937s] Level 1:colcon.colcon_core.shell:create_environment_hook('jan_h49_rand_avg', 'pythonpath_develop')
[1.939s] INFO:colcon.colcon_core.shell:Creating environment hook '/home/barna/ros2_ws/src/jan_h49_rand_avg/build/jan_h49_rand_avg/share/jan_h49_rand_avg/hook/pythonpath_develop.ps1'
[1.939s] DEBUG:colcon.colcon_core.event_handler.log_command:Invoked command in '/home/barna/ros2_ws/src/jan_h49_rand_avg/build/jan_h49_rand_avg' returned '0': PYTHONPATH=/home/barna/ros2_ws/src/jan_h49_rand_avg/build/jan_h49_rand_avg/prefix_override:/usr/lib/python3/dist-packages/colcon_core/task/python/colcon_distutils_commands:/home/barna/ros2_ws/src/jan_h49_rand_avg/install/jan_h49_rand_avg/lib/python3.10/site-packages:${PYTHONPATH} WSLENV=ELECTRON_RUN_AS_NODE/w: /usr/bin/python3 -W ignore:setup.py install is deprecated setup.py develop --editable --build-directory /home/barna/ros2_ws/src/jan_h49_rand_avg/build/jan_h49_rand_avg/build --no-deps symlink_data
[1.941s] INFO:colcon.colcon_core.shell:Creating environment descriptor '/home/barna/ros2_ws/src/jan_h49_rand_avg/build/jan_h49_rand_avg/share/jan_h49_rand_avg/hook/pythonpath_develop.dsv'
[1.941s] INFO:colcon.colcon_core.shell:Creating environment hook '/home/barna/ros2_ws/src/jan_h49_rand_avg/build/jan_h49_rand_avg/share/jan_h49_rand_avg/hook/pythonpath_develop.sh'
[2.045s] Level 1:colcon.colcon_core.environment:checking '/home/barna/ros2_ws/src/jan_h49_rand_avg/install/jan_h49_rand_avg' for CMake module files
[2.045s] Level 1:colcon.colcon_core.environment:checking '/home/barna/ros2_ws/src/jan_h49_rand_avg/install/jan_h49_rand_avg' for CMake config files
[2.047s] Level 1:colcon.colcon_core.environment:checking '/home/barna/ros2_ws/src/jan_h49_rand_avg/install/jan_h49_rand_avg/lib'
[2.047s] Level 1:colcon.colcon_core.environment:checking '/home/barna/ros2_ws/src/jan_h49_rand_avg/install/jan_h49_rand_avg/bin'
[2.047s] Level 1:colcon.colcon_core.environment:checking '/home/barna/ros2_ws/src/jan_h49_rand_avg/install/jan_h49_rand_avg/lib/pkgconfig/jan_h49_rand_avg.pc'
[2.047s] Level 1:colcon.colcon_core.environment:checking '/home/barna/ros2_ws/src/jan_h49_rand_avg/install/jan_h49_rand_avg/lib/python3.10/site-packages'
[2.048s] Level 1:colcon.colcon_core.shell:create_environment_hook('jan_h49_rand_avg', 'pythonpath')
[2.048s] INFO:colcon.colcon_core.shell:Creating environment hook '/home/barna/ros2_ws/src/jan_h49_rand_avg/install/jan_h49_rand_avg/share/jan_h49_rand_avg/hook/pythonpath.ps1'
[2.049s] INFO:colcon.colcon_core.shell:Creating environment descriptor '/home/barna/ros2_ws/src/jan_h49_rand_avg/install/jan_h49_rand_avg/share/jan_h49_rand_avg/hook/pythonpath.dsv'
[2.049s] INFO:colcon.colcon_core.shell:Creating environment hook '/home/barna/ros2_ws/src/jan_h49_rand_avg/install/jan_h49_rand_avg/share/jan_h49_rand_avg/hook/pythonpath.sh'
[2.050s] Level 1:colcon.colcon_core.environment:checking '/home/barna/ros2_ws/src/jan_h49_rand_avg/install/jan_h49_rand_avg/bin'
[2.050s] Level 1:colcon.colcon_core.environment:create_environment_scripts_only(jan_h49_rand_avg)
[2.051s] INFO:colcon.colcon_core.shell:Creating package script '/home/barna/ros2_ws/src/jan_h49_rand_avg/install/jan_h49_rand_avg/share/jan_h49_rand_avg/package.ps1'
[2.069s] INFO:colcon.colcon_core.shell:Creating package descriptor '/home/barna/ros2_ws/src/jan_h49_rand_avg/install/jan_h49_rand_avg/share/jan_h49_rand_avg/package.dsv'
[2.079s] INFO:colcon.colcon_core.shell:Creating package script '/home/barna/ros2_ws/src/jan_h49_rand_avg/install/jan_h49_rand_avg/share/jan_h49_rand_avg/package.sh'
[2.093s] INFO:colcon.colcon_core.shell:Creating package script '/home/barna/ros2_ws/src/jan_h49_rand_avg/install/jan_h49_rand_avg/share/jan_h49_rand_avg/package.bash'
[2.104s] INFO:colcon.colcon_core.shell:Creating package script '/home/barna/ros2_ws/src/jan_h49_rand_avg/install/jan_h49_rand_avg/share/jan_h49_rand_avg/package.zsh'
[2.117s] Level 1:colcon.colcon_core.environment:create_file_with_runtime_dependencies(/home/barna/ros2_ws/src/jan_h49_rand_avg/install/jan_h49_rand_avg/share/colcon-core/packages/jan_h49_rand_avg)
[2.118s] DEBUG:colcon.colcon_parallel_executor.executor.parallel:closing loop
[2.118s] DEBUG:colcon.colcon_parallel_executor.executor.parallel:loop closed
[2.119s] DEBUG:colcon.colcon_parallel_executor.executor.parallel:run_until_complete finished with '0'
[2.119s] DEBUG:colcon.colcon_core.event_reactor:joining thread
[2.137s] INFO:colcon.colcon_core.plugin_system:Skipping extension 'colcon_notification.desktop_notification.notify_send': Could not find 'notify-send'
[2.138s] INFO:colcon.colcon_core.plugin_system:Skipping extension 'colcon_notification.desktop_notification.terminal_notifier': Not used on non-Darwin systems
[2.138s] INFO:colcon.colcon_core.plugin_system:Skipping extension 'colcon_notification.desktop_notification.win32': Not used on non-Windows systems
[2.139s] INFO:colcon.colcon_notification.desktop_notification:Sending desktop notification using 'notify2'
[2.139s] DEBUG:colcon.colcon_notification.desktop_notification.notify2:Failed to initialize notify2: org.freedesktop.DBus.Error.NotSupported: Unable to autolaunch a dbus-daemon without a $DISPLAY for X11
[2.139s] DEBUG:colcon.colcon_core.event_reactor:joined thread
[2.139s] INFO:colcon.colcon_core.shell:Creating prefix script '/home/barna/ros2_ws/src/jan_h49_rand_avg/install/local_setup.ps1'
[2.141s] INFO:colcon.colcon_core.shell:Creating prefix util module '/home/barna/ros2_ws/src/jan_h49_rand_avg/install/_local_setup_util_ps1.py'
[2.142s] INFO:colcon.colcon_core.shell:Creating prefix chain script '/home/barna/ros2_ws/src/jan_h49_rand_avg/install/setup.ps1'
[2.144s] INFO:colcon.colcon_core.shell:Creating prefix script '/home/barna/ros2_ws/src/jan_h49_rand_avg/install/local_setup.sh'
[2.146s] INFO:colcon.colcon_core.shell:Creating prefix util module '/home/barna/ros2_ws/src/jan_h49_rand_avg/install/_local_setup_util_sh.py'
[2.147s] INFO:colcon.colcon_core.shell:Creating prefix chain script '/home/barna/ros2_ws/src/jan_h49_rand_avg/install/setup.sh'
[2.149s] INFO:colcon.colcon_core.shell:Creating prefix script '/home/barna/ros2_ws/src/jan_h49_rand_avg/install/local_setup.bash'
[2.151s] INFO:colcon.colcon_core.shell:Creating prefix chain script '/home/barna/ros2_ws/src/jan_h49_rand_avg/install/setup.bash'
[2.153s] INFO:colcon.colcon_core.shell:Creating prefix script '/home/barna/ros2_ws/src/jan_h49_rand_avg/install/local_setup.zsh'
[2.156s] INFO:colcon.colcon_core.shell:Creating prefix chain script '/home/barna/ros2_ws/src/jan_h49_rand_avg/install/setup.zsh'
